Тест Без ошибок
---- Протокол ------- Дата: 10.12.2023 19:46:00
---- Параметры -------
-log: input.log
-out: E:\универ\КПО\kursach\SNE-2023_BACKUP\Debug\SNE-2023.exe.asm
-in: input.txt


================LEX TABLE==============

Num      Line   Lexema            ID in IT             value

  0       1       t                                       l
  1       1       f                                        
  2       1       i                   1                    
  3       1       (                                        
  4       1       t                                       l
  5       1       i                   2                    
  6       1       ,                                        
  7       1       t                                       l
  8       1       i                   3                    
  9       1       )                                        
 10       2       {                                        
 11       3       c                                        
 12       3       (                                        
 13       3       i                   2                    
 14       3       y                                       >
 15       3       i                   3                    
 16       3       )                                        
 17       3       ?                                       ?
 18       4       {                                        
 19       5       o                                        
 20       5       (                                        
 21       5       l                   4                    
 22       5       )                                        
 23       5       ;                                        
 24       6       i                   2                    
 25       6       =                                        
 26       6       i                   2                    
 27       6       v                                       +
 28       6       i                   3                    
 29       6       ;                                        
 30       7       }                                        
 31       9       j                                        
 32       9       {                                        
 33      10       o                                        
 34      10       (                                        
 35      10       l                   5                    
 36      10       )                                        
 37      10       ;                                        
 38      11       i                   2                    
 39      11       =                                        
 40      11       i                   2                    
 41      11       v                                       -
 42      11       i                   3                    
 43      11       ;                                        
 44      12       }                                        
 45      14       r                                        
 46      14       i                   2                    
 47      14       ;                                        
 48      15       }                                        
 49      15       ;                                        
 50      17       s                   6                    
 51      18       {                                        
 52      19       n                                        
 53      19       t                                       l
 54      19       i                   7                    
 55      19       ;                                        
 56      20       i                   7                    
 57      20       =                                        
 58      20       i                  -3                   z
 59      20       (                                        
 60      20       l                   8                    
 61      20       )                                        
 62      20       ;                                        
 63      21       o                                        
 64      21       (                                        
 65      21       i                   7                    
 66      21       )                                        
 67      21       ;                                        
 68      22       i                   7                    
 69      22       =                                        
 70      22       i                   7                    
 71      22       v                                       +
 72      22       l                   9                    
 73      22       ;                                        
 74      23       o                                        
 75      23       (                                        
 76      23       i                   7                    
 77      23       )                                        
 78      23       ;                                        
 79      25       n                                        
 80      25       t                                       l
 81      25       i                  10                    
 82      25       ;                                        
 83      26       n                                        
 84      26       t                                       l
 85      26       i                  11                    
 86      26       ;                                        
 87      27       i                  11                    
 88      27       =                                        
 89      27       l                  12                    
 90      27       ;                                        
 91      28       i                  10                    
 92      28       =                                        
 93      28       i                   1                    
 94      28       (                                        
 95      28       i                   7                    
 96      28       ,                                        
 97      28       i                  11                    
 98      28       )                                        
 99      28       ;                                        
100      29       o                                        
101      29       (                                        
102      29       i                  10                    
103      29       )                                        
104      29       ;                                        
105      31       r                                        
106      31       l                  13                    
107      31       ;                                        
108      32       }                                        
109      32       ;                                        
                  

===========LEX TABLE mini==============

tfi(ti,ti)
{
c(iyi)?
{
o(l);
i=ivi;
}

j{
o(l);
i=ivi;
}

ri;
};

s
{
nti;
i=i(l);
o(i);
i=ivl;
o(i);

nti;
nti;
i=l;
i=i(i,i);
o(i);

rl;
};

=================ID TABLE==============

      Name           Type         Data type        First in LT                Value         Visibility

  0    buffer       variable         little             -1                        0              0
  1       sum       function         little              2                        0              0
  2         w      parameter         little              5                        0              0 1
  3         d      parameter         little              8                        0              0 1
  4        T0        literal           text             21                    'Yes'              0 1 2
  5        T1        literal           text             35                     'No'              0 1 3
  6     start       function         little             50                        0              0
  7         x       variable         little             54                        0              0 4
  8        T2        literal           text             60                      '5'              0 4
  9        L0        literal         little             72                        8              0 4
 10         o       variable         little             81                        0              0 4
 11         j       variable         little             85                        0              0 4
 12        L1        literal         little             89                       14              0 4
 13        L2        literal         little            106                        0              0 4




0   : S->tfi(F){N};S      
4   : F->ti,F             
7   : F->ti               
11  : N->c(UCU)?{N}j{N}N  
13  : U->i                
14  : C->y                
15  : U->i                
19  : N->o(U);N           
21  : U->l                
24  : N->i=E;             
26  : E->iM               
27  : M->vE               
28  : E->i                
33  : N->o(U);N           
35  : U->l                
38  : N->i=E;             
40  : E->iM               
41  : M->vE               
42  : E->i                
45  : N->rU;              
46  : U->i                
50  : S->s{N};            
52  : N->nti;N            
56  : N->i=E;N            
58  : E->i(W)             
60  : W->l                
63  : N->o(U);N           
65  : U->i                
68  : N->i=E;N            
70  : E->iM               
71  : M->vE               
72  : E->l                
74  : N->o(U);N           
76  : U->i                
79  : N->nti;N            
83  : N->nti;N            
87  : N->i=E;N            
89  : E->l                
91  : N->i=E;N            
93  : E->i(W)             
95  : W->i,W              
97  : W->i                
100 : N->o(U);N           
102 : U->i                
105 : N->rU;              
106 : U->l                


======= Исходные данные =====
Количество символов: 284
Проигнорировано:     0
Количество строк:    33
