Тест Без ошибок
---- Протокол ------- Дата: 14.12.2023 15:01:33
---- Параметры -------
-log: SNE-2023.log
-out: SNE-2023.asm
-in: ..\SNE-2023\input.txt


================LEX TABLE==============

Num      Line   Lexema            ID in IT             value

  0       1       t                                       t
  1       1       f                                        
  2       1       i                   1                    
  3       1       (                                        
  4       1       t                                       l
  5       1       i                   2                    
  6       1       ,                                        
  7       1       t                                       l
  8       1       i                   3                    
  9       1       )                                        
 10       2       {                                        
 11       3       n                                        
 12       3       t                                       t
 13       3       i                   4                    
 14       3       ;                                        
 15       4       i                   2                    
 16       4       =                                        
 17       4       i                   3                    
 18       4       ;                                        
 19       5       c                                        
 20       5       (                                        
 21       5       i                   2                    
 22       5       =                                        
 23       5       i                   3                    
 24       5       )                                        
 25       5       ?                                       ?
 26       6       {                                        
 27       7       i                   4                    
 28       7       =                                        
 29       7       l                   5                    
 30       7       ;                                        
 31       8       }                                        
 32      10       j                                        
 33      10       {                                        
 34      11       i                   4                    
 35      11       =                                        
 36      11       l                   6                    
 37      11       ;                                        
 38      12       }                                        
 39      14       r                                        
 40      14       i                   4                    
 41      14       ;                                        
 42      15       }                                        
 43      15       ;                                        
 44      17       s                   7                    
 45      18       {                                        
 46      19       n                                        
 47      19       t                                       l
 48      19       i                   8                    
 49      19       ;                                        
 50      20       n                                        
 51      20       t                                       l
 52      20       i                   9                    
 53      20       ;                                        
 54      21       n                                        
 55      21       t                                       l
 56      21       i                  10                    
 57      21       ;                                        
 58      23       n                                        
 59      23       t                                       t
 60      23       i                  11                    
 61      23       ;                                        
 62      24       i                  11                    
 63      24       =                                        
 64      24       l                  12                    
 65      24       ;                                        
 66      26       i                   8                    
 67      26       =                                        
 68      26       l                  13                    
 69      26       ;                                        
 70      27       i                   9                    
 71      27       =                                        
 72      27       l                  14                    
 73      27       ;                                        
 74      29       i                  10                    
 75      29       =                                        
 76      29       i                   8                    
 77      29       v                                       +
 78      29       i                   9                    
 79      29       ;                                        
 80      30       o                                        
 81      30       (                                        
 82      30       i                  10                    
 83      30       )                                        
 84      30       ;                                        
 85      31       i                  10                    
 86      31       =                                        
 87      31       i                   8                    
 88      31       v                                       -
 89      31       i                   9                    
 90      31       ;                                        
 91      32       o                                        
 92      32       (                                        
 93      32       i                  10                    
 94      32       )                                        
 95      32       ;                                        
 96      33       i                  10                    
 97      33       =                                        
 98      33       i                   8                    
 99      33       v                                       *
100      33       i                   9                    
101      33       ;                                        
102      34       o                                        
103      34       (                                        
104      34       i                  10                    
105      34       )                                        
106      34       ;                                        
107      35       i                  10                    
108      35       =                                        
109      35       i                   8                    
110      35       v                                       /
111      35       i                   9                    
112      35       ;                                        
113      36       o                                        
114      36       (                                        
115      36       i                  10                    
116      36       )                                        
117      36       ;                                        
118      37       i                  10                    
119      37       =                                        
120      37       i                   8                    
121      37       v                                       %
122      37       i                   9                    
123      37       ;                                        
124      38       o                                        
125      38       (                                        
126      38       i                  10                    
127      38       )                                        
128      38       ;                                        
129      39       i                  10                    
130      39       =                                        
131      39       l                  15                    
132      39       ;                                        
133      40       o                                        
134      40       (                                        
135      40       i                  10                    
136      40       )                                        
137      40       ;                                        
138      41       i                  10                    
139      41       =                                        
140      41       i                  -3                   z
141      41       (                                        
142      41       i                  11                    
143      41       )                                        
144      41       ;                                        
145      42       o                                        
146      42       (                                        
147      42       i                  10                    
148      42       )                                        
149      42       ;                                        
150      44       c                                        
151      44       (                                        
152      44       i                  10                    
153      44       y                                       >
154      44       l                  16                    
155      44       )                                        
156      44       ?                                       ?
157      45       {                                        
158      46       o                                        
159      46       (                                        
160      46       l                  17                    
161      46       )                                        
162      46       ;                                        
163      47       }                                        
164      49       j                                        
165      49       {                                        
166      50       i                  10                    
167      50       =                                        
168      50       i                  10                    
169      50       v                                       *
170      50       l                  18                    
171      50       ;                                        
172      51       o                                        
173      51       (                                        
174      51       i                  10                    
175      51       )                                        
176      51       ;                                        
177      52       }                                        
178      54       i                  11                    
179      54       =                                        
180      54       i                   1                    
181      54       (                                        
182      54       i                   8                    
183      54       ,                                        
184      54       i                   9                    
185      54       )                                        
186      54       ;                                        
187      55       o                                        
188      55       (                                        
189      55       i                  11                    
190      55       )                                        
191      55       ;                                        
192      56       r                                        
193      56       l                  19                    
194      56       ;                                        
195      57       }                                        
196      57       ;                                        
                  

===========LEX TABLE mini==============

tfi(ti,ti)
{
nti;
i=i;
c(i=i)?
{
i=l;
}

j{
i=l;
}

ri;
};

s
{
nti;
nti;
nti;

nti;
i=l;

i=l;
i=l;

i=ivi;
o(i);
i=ivi;
o(i);
i=ivi;
o(i);
i=ivi;
o(i);
i=ivi;
o(i);
i=l;
o(i);
i=i(i);
o(i);

c(iyl)?
{
o(l);
}

j{
i=ivl;
o(i);
}

i=i(i,i);
o(i);
rl;
};

=================ID TABLE==============

      Name           Type         Data type        First in LT                Value         Visibility

  0    buffer       variable         little             -1                        0              0
  1    iftest       function           text              2                       NV              0
  2         f      parameter         little              5                        0              0 1
  3         s      parameter         little              8                        0              0 1
  4       res       variable           text             13                       NV              0 1
  5        T0        literal           text             29                    'Yes'              0 1 2
  6        T1        literal           text             36                     'No'              0 1 3
  7     start       function         little             44                        0              0
  8         f       variable         little             48                        0              0 4
  9         s       variable         little             52                        0              0 4
 10     value       variable         little             56                        0              0 4
 11    tonumb       variable           text             60                       NV              0 4
 12        T2        literal           text             64                      '3'              0 4
 13        L0        literal         little             68                       13              0 4
 14        L1        literal         little             72                        7              0 4
 15        L2        literal         little            131                       15              0 4
 16        L3        literal         little            154                        5              0 4
 17        T3        literal           text            160                    'Yes'              0 4 5
 18        L4        literal         little            170                        2              0 4 6
 19        L5        literal         little            193                        0              0 4




0   : S->tfi(F){N};S      
4   : F->ti,F             
7   : F->ti               
11  : N->nti;N            
15  : N->i=E;N            
17  : E->i                
19  : N->c(UCU)?{N}j{N}N  
21  : U->i                
22  : C->=                
23  : U->i                
27  : N->i=E;             
29  : E->l                
34  : N->i=E;             
36  : E->l                
39  : N->rU;              
40  : U->i                
44  : S->s{N};            
46  : N->nti;N            
50  : N->nti;N            
54  : N->nti;N            
58  : N->nti;N            
62  : N->i=E;N            
64  : E->l                
66  : N->i=E;N            
68  : E->l                
70  : N->i=E;N            
72  : E->l                
74  : N->i=E;N            
76  : E->iM               
77  : M->vE               
78  : E->i                
80  : N->o(U);N           
82  : U->i                
85  : N->i=E;N            
87  : E->iM               
88  : M->vE               
89  : E->i                
91  : N->o(U);N           
93  : U->i                
96  : N->i=E;N            
98  : E->iM               
99  : M->vE               
100 : E->i                
102 : N->o(U);N           
104 : U->i                
107 : N->i=E;N            
109 : E->iM               
110 : M->vE               
111 : E->i                
113 : N->o(U);N           
115 : U->i                
118 : N->i=E;N            
120 : E->iM               
121 : M->vE               
122 : E->i                
124 : N->o(U);N           
126 : U->i                
129 : N->i=E;N            
131 : E->l                
133 : N->o(U);N           
135 : U->i                
138 : N->i=E;N            
140 : E->i(W)             
142 : W->i                
145 : N->o(U);N           
147 : U->i                
150 : N->c(UCU)?{N}j{N}N  
152 : U->i                
153 : C->y                
154 : U->l                
158 : N->o(U);            
160 : U->l                
166 : N->i=E;N            
168 : E->iM               
169 : M->vE               
170 : E->l                
172 : N->o(U);            
174 : U->i                
178 : N->i=E;N            
180 : E->i(W)             
182 : W->i,W              
184 : W->i                
187 : N->o(U);N           
189 : U->i                
192 : N->rU;              
193 : U->l                


======= Исходные данные =====
Количество символов: 546
Проигнорировано:     0
Количество строк:    57
