Тест Без ошибок
---- Протокол ------- Дата: 15.12.2023 11:25:44
---- Параметры -------
-log: input.log
-out: E:\универ\КПО\kursach\SNE-2023_v1\Debug\SNE-2023.exe.asm
-in: input.txt


================LEX TABLE==============

Num      Line   Lexema            ID in IT             value

  0       1       s                   1                    
  1       1       {                                        
  2       2       n                                        
  3       2       t                                       l
  4       2       i                   2                    
  5       2       ;                                        
  6       4       i                   2                    
  7       4       =                                        
  8       4       i                  -3                   z
  9       4       (                                        
 10       4       l                   3                    
 11       4       )                                        
 12       4       ;                                        
 13       5       o                                        
 14       5       (                                        
 15       5       i                   2                    
 16       5       )                                        
 17       5       ;                                        
 18       7       r                                        
 19       7       l                   4                   z
 20       7       ;                                        
 21       8       }                                        
 22       8       ;                                        
                  

===========LEX TABLE mini==============

s{
nti;

i=i(l);
o(i);

rl;
};

=================ID TABLE==============

      Name           Type         Data type        First in LT                Value         Visibility

  0    buffer       variable         little             -1                        0              0
  1     start       function         little              0                        0              0
  2         f       variable         little              4                        0              0 1
  3        T0        literal           text             10                     '23'              0 1
  4        L0        literal         little             19                        0              0 1




0   : S->s{N};            
2   : N->nti;N            
6   : N->i=E;N            
8   : E->i(W)             
10  : W->l                
13  : N->o(U);N           
15  : U->i                
18  : N->rU;              
19  : U->l                


======= Исходные данные =====
Количество символов: 61
Проигнорировано:     0
Количество строк:    8
