  pch.cpp
  Error.cpp
E:\универ\КПО\kursach\SNE-2023_BACKUP\SNE-2023\Error.cpp(74,3): warning C4002: слишком много аргументов для вызова макроса, подобного функции, "ERROR_ENTRY_NODEF"
  FST.cpp
E:\универ\КПО\kursach\SNE-2023_BACKUP\SNE-2023\FST.cpp(284,17): warning C4267: инициализация: преобразование из "size_t" в "short"; возможна потеря данных
  FilesManager.cpp
  Generation.cpp
E:\универ\КПО\kursach\SNE-2023_BACKUP\SNE-2023\Generation.cpp(209,80): warning C4129: p: неизвестная escape-последовательность
  Greibach.cpp
  IT.cpp
  In.cpp
E:\универ\КПО\kursach\SNE-2023_BACKUP\SNE-2023\In.cpp(56,21): warning C4018: <: несоответствие типов со знаком и без знака
  LT.cpp
  LexAnaliz.cpp
E:\универ\КПО\kursach\SNE-2023_BACKUP\SNE-2023\LexAnaliz.cpp(125,49): warning C4018: <: несоответствие типов со знаком и без знака
E:\универ\КПО\kursach\SNE-2023_BACKUP\SNE-2023\LexAnaliz.cpp(187,22): warning C4018: <: несоответствие типов со знаком и без знака
E:\универ\КПО\kursach\SNE-2023_BACKUP\SNE-2023\LexAnaliz.cpp(218,33): warning C4018: <: несоответствие типов со знаком и без знака
E:\универ\КПО\kursach\SNE-2023_BACKUP\SNE-2023\LexAnaliz.cpp(474,22): warning C4018: <: несоответствие типов со знаком и без знака
E:\универ\КПО\kursach\SNE-2023_BACKUP\SNE-2023\LexAnaliz.cpp(480,22): warning C4018: <: несоответствие типов со знаком и без знака
E:\универ\КПО\kursach\SNE-2023_BACKUP\SNE-2023\LexAnaliz.cpp(483,7): warning C4018: >=: несоответствие типов со знаком и без знака
E:\универ\КПО\kursach\SNE-2023_BACKUP\SNE-2023\LexAnaliz.cpp(485,22): warning C4018: <: несоответствие типов со знаком и без знака
E:\универ\КПО\kursach\SNE-2023_BACKUP\SNE-2023\LexAnaliz.cpp(487,23): warning C4018: >=: несоответствие типов со знаком и без знака
E:\универ\КПО\kursach\SNE-2023_BACKUP\SNE-2023\LexAnaliz.cpp(541,24): warning C4018: <: несоответствие типов со знаком и без знака
E:\универ\КПО\kursach\SNE-2023_BACKUP\SNE-2023\LexAnaliz.cpp(543,33): warning C4018: >=: несоответствие типов со знаком и без знака
E:\универ\КПО\kursach\SNE-2023_BACKUP\SNE-2023\LexAnaliz.cpp(547,24): warning C4018: <: несоответствие типов со знаком и без знака
E:\универ\КПО\kursach\SNE-2023_BACKUP\SNE-2023\LexAnaliz.cpp(549,37): warning C4018: >=: несоответствие типов со знаком и без знака
E:\универ\КПО\kursach\SNE-2023_BACKUP\SNE-2023\LexAnaliz.cpp(585,24): warning C4018: <: несоответствие типов со знаком и без знака
E:\универ\КПО\kursach\SNE-2023_BACKUP\SNE-2023\LexAnaliz.cpp(588,37): warning C4018: >=: несоответствие типов со знаком и без знака
E:\универ\КПО\kursach\SNE-2023_BACKUP\SNE-2023\LexAnaliz.cpp(653,25): warning C4018: <: несоответствие типов со знаком и без знака
  Log.cpp
  MFST.cpp
E:\универ\КПО\kursach\SNE-2023_BACKUP\SNE-2023\MFST.cpp(250,66): warning C4267: =: преобразование из "size_t" в "short"; возможна потеря данных
  Main.cpp
  Parm.cpp
  PolishNotation.cpp
  Semantic.cpp
E:\универ\КПО\kursach\SNE-2023_BACKUP\SNE-2023\Semantic.cpp(86,23): warning C4018: <: несоответствие типов со знаком и без знака
  Создание кода...
E:\универ\КПО\kursach\SNE-2023_BACKUP\SNE-2023\PolishNotation.cpp(37): warning C4715: findOperator: значение возвращается не при всех путях выполнения
  SNE-2023.vcxproj -> E:\универ\КПО\kursach\SNE-2023_BACKUP\Debug\SNE-2023.exe
