  pch.cpp
  Error.cpp
E:\универ\КПО\kursach\SNE-2023_v2\SNE-2023\Error.cpp(81,3): warning C4002: слишком много аргументов для вызова макроса, подобного функции, "ERROR_ENTRY_NODEF"
  FST.cpp
E:\универ\КПО\kursach\SNE-2023_v2\SNE-2023\FST.cpp(284,17): warning C4267: инициализация: преобразование из "size_t" в "short"; возможна потеря данных
  FilesManager.cpp
  Generation.cpp
E:\универ\КПО\kursach\SNE-2023_v2\SNE-2023\Generation.cpp(204,80): warning C4129: p: неизвестная escape-последовательность
  Greibach.cpp
  IT.cpp
  In.cpp
E:\универ\КПО\kursach\SNE-2023_v2\SNE-2023\In.cpp(41,21): warning C4018: <: несоответствие типов со знаком и без знака
  LT.cpp
  LexAnaliz.cpp
E:\универ\КПО\kursach\SNE-2023_v2\SNE-2023\LexAnaliz.cpp(124,49): warning C4018: <: несоответствие типов со знаком и без знака
E:\универ\КПО\kursach\SNE-2023_v2\SNE-2023\LexAnaliz.cpp(183,22): warning C4018: <: несоответствие типов со знаком и без знака
E:\универ\КПО\kursach\SNE-2023_v2\SNE-2023\LexAnaliz.cpp(215,33): warning C4018: <: несоответствие типов со знаком и без знака
E:\универ\КПО\kursach\SNE-2023_v2\SNE-2023\LexAnaliz.cpp(465,22): warning C4018: <: несоответствие типов со знаком и без знака
E:\универ\КПО\kursach\SNE-2023_v2\SNE-2023\LexAnaliz.cpp(471,22): warning C4018: <: несоответствие типов со знаком и без знака
E:\универ\КПО\kursach\SNE-2023_v2\SNE-2023\LexAnaliz.cpp(474,7): warning C4018: >=: несоответствие типов со знаком и без знака
E:\универ\КПО\kursach\SNE-2023_v2\SNE-2023\LexAnaliz.cpp(476,22): warning C4018: <: несоответствие типов со знаком и без знака
E:\универ\КПО\kursach\SNE-2023_v2\SNE-2023\LexAnaliz.cpp(478,23): warning C4018: >=: несоответствие типов со знаком и без знака
E:\универ\КПО\kursach\SNE-2023_v2\SNE-2023\LexAnaliz.cpp(532,24): warning C4018: <: несоответствие типов со знаком и без знака
E:\универ\КПО\kursach\SNE-2023_v2\SNE-2023\LexAnaliz.cpp(534,33): warning C4018: >=: несоответствие типов со знаком и без знака
E:\универ\КПО\kursach\SNE-2023_v2\SNE-2023\LexAnaliz.cpp(538,24): warning C4018: <: несоответствие типов со знаком и без знака
E:\универ\КПО\kursach\SNE-2023_v2\SNE-2023\LexAnaliz.cpp(540,37): warning C4018: >=: несоответствие типов со знаком и без знака
E:\универ\КПО\kursach\SNE-2023_v2\SNE-2023\LexAnaliz.cpp(574,24): warning C4018: <: несоответствие типов со знаком и без знака
E:\универ\КПО\kursach\SNE-2023_v2\SNE-2023\LexAnaliz.cpp(577,37): warning C4018: >=: несоответствие типов со знаком и без знака
E:\универ\КПО\kursach\SNE-2023_v2\SNE-2023\LexAnaliz.cpp(641,25): warning C4018: <: несоответствие типов со знаком и без знака
  Log.cpp
  MFST.cpp
E:\универ\КПО\kursach\SNE-2023_v2\SNE-2023\MFST.cpp(237,66): warning C4267: =: преобразование из "size_t" в "short"; возможна потеря данных
  Main.cpp
  Parm.cpp
  PolishNotation.cpp
  Semantic.cpp
E:\универ\КПО\kursach\SNE-2023_v2\SNE-2023\Semantic.cpp(62,23): warning C4018: <: несоответствие типов со знаком и без знака
E:\универ\КПО\kursach\SNE-2023_v2\SNE-2023\Semantic.cpp(8,7): warning C4101: k: неиспользованная локальная переменная
  Создание кода...
E:\универ\КПО\kursach\SNE-2023_v2\SNE-2023\PolishNotation.cpp(42): warning C4715: findOperator: значение возвращается не при всех путях выполнения
  SNE-2023.vcxproj -> E:\универ\КПО\kursach\SNE-2023_v2\Debug\SNE-2023.exe
